<?xml version="1.0" encoding="UTF-8"?>
<!-- Generated by org.testng.reporters.JUnitReportReporter -->
<testsuite hostname="DESKTOP-1QR28JR" failures="0" tests="1" name="com.stockMarket.testcases.ToCheckAssert" time="0.061" errors="0" timestamp="8 Jan 2020 04:42:45 GMT">
  <testcase classname="com.stockMarket.testcases.ToCheckAssert" name="assertEquals" time="0.061"/>
</testsuite> <!-- com.stockMarket.testcases.ToCheckAssert -->
