<?xml version="1.0" encoding="UTF-8"?>
<!-- Generated by org.testng.reporters.JUnitReportReporter -->
<testsuite hostname="DESKTOP-1QR28JR" failures="0" tests="1" name="com.stockMarket.testcases.WebTablePratice" time="45.856" errors="0" timestamp="8 Jan 2020 04:41:35 GMT">
  <testcase classname="com.stockMarket.testcases.WebTablePratice" name="WebTableTesting" time="45.856"/>
</testsuite> <!-- com.stockMarket.testcases.WebTablePratice -->
